<?xml version="1.0" encoding="windows-1252" standalone="no"?>
<!DOCTYPE log SYSTEM "logger.dtd">
<log>
<record>
  <date>2019-12-11T15:24:38</date>
  <millis>1576077878300</millis>
  <sequence>0</sequence>
  <logger>org.uma.jmetal.util.JMetalLogger</logger>
  <level>INFO</level>
  <class>org.uma.jmetal.util.JMetalLogger</class>
  <method>configureLoggers</method>
  <thread>1</thread>
  <message>Loggers configured with null</message>
</record>
<record>
  <date>2019-12-11T15:24:38</date>
  <millis>1576077878378</millis>
  <sequence>1</sequence>
  <logger>org.uma.jmetal.util.JMetalLogger</logger>
  <level>INFO</level>
  <class>org.uma.jmetal.util.experiment.component.ExecuteAlgorithms</class>
  <method>run</method>
  <thread>1</thread>
  <message>ExecuteAlgorithms: Preparing output directory</message>
</record>
<record>
  <date>2019-12-11T15:24:38</date>
  <millis>1576077878394</millis>
  <sequence>2</sequence>
  <logger>org.uma.jmetal.util.JMetalLogger</logger>
  <level>INFO</level>
  <class>org.uma.jmetal.util.experiment.util.ExperimentAlgorithm</class>
  <method>runAlgorithm</method>
  <thread>1</thread>
  <message>Creating experimentBaseDirectory/BinaryProblemsStudy/data/NSGAII/ControlsSelection</message>
</record>
<record>
  <date>2019-12-11T15:24:38</date>
  <millis>1576077878394</millis>
  <sequence>3</sequence>
  <logger>org.uma.jmetal.util.JMetalLogger</logger>
  <level>SEVERE</level>
  <class>org.uma.jmetal.util.experiment.util.ExperimentAlgorithm</class>
  <method>runAlgorithm</method>
  <thread>11</thread>
  <message>Creating experimentBaseDirectory/BinaryProblemsStudy/data/NSGAII/ControlsSelection failed</message>
</record>
<record>
  <date>2019-12-11T15:24:38</date>
  <millis>1576077878394</millis>
  <sequence>4</sequence>
  <logger>org.uma.jmetal.util.JMetalLogger</logger>
  <level>SEVERE</level>
  <class>org.uma.jmetal.util.experiment.util.ExperimentAlgorithm</class>
  <method>runAlgorithm</method>
  <thread>12</thread>
  <message>Creating experimentBaseDirectory/BinaryProblemsStudy/data/NSGAII/ControlsSelection failed</message>
</record>
<record>
  <date>2019-12-11T15:24:38</date>
  <millis>1576077878394</millis>
  <sequence>5</sequence>
  <logger>org.uma.jmetal.util.JMetalLogger</logger>
  <level>INFO</level>
  <class>org.uma.jmetal.util.experiment.util.ExperimentAlgorithm</class>
  <method>runAlgorithm</method>
  <thread>1</thread>
  <message> Running algorithm: NSGAII, problem: ControlsSelection, run: 1, funFile: experimentBaseDirectory/BinaryProblemsStudy/data/NSGAII/ControlsSelection/FUN1.tsv</message>
</record>
<record>
  <date>2019-12-11T15:24:38</date>
  <millis>1576077878394</millis>
  <sequence>6</sequence>
  <logger>org.uma.jmetal.util.JMetalLogger</logger>
  <level>INFO</level>
  <class>org.uma.jmetal.util.experiment.util.ExperimentAlgorithm</class>
  <method>runAlgorithm</method>
  <thread>12</thread>
  <message> Running algorithm: NSGAII, problem: ControlsSelection, run: 2, funFile: experimentBaseDirectory/BinaryProblemsStudy/data/NSGAII/ControlsSelection/FUN2.tsv</message>
</record>
<record>
  <date>2019-12-11T15:24:38</date>
  <millis>1576077878394</millis>
  <sequence>7</sequence>
  <logger>org.uma.jmetal.util.JMetalLogger</logger>
  <level>INFO</level>
  <class>org.uma.jmetal.util.experiment.util.ExperimentAlgorithm</class>
  <method>runAlgorithm</method>
  <thread>11</thread>
  <message> Running algorithm: NSGAII, problem: ControlsSelection, run: 0, funFile: experimentBaseDirectory/BinaryProblemsStudy/data/NSGAII/ControlsSelection/FUN0.tsv</message>
</record>
<record>
  <date>2019-12-11T15:24:40</date>
  <millis>1576077880097</millis>
  <sequence>8</sequence>
  <logger>org.uma.jmetal.util.JMetalLogger</logger>
  <level>INFO</level>
  <class>org.uma.jmetal.util.experiment.component.GenerateReferenceParetoFront</class>
  <method>createOutputDirectory</method>
  <thread>1</thread>
  <message>Creating experimentBaseDirectory/BinaryProblemsStudy/referenceFronts. Status = true</message>
</record>
</log>
